<?xml version="1.0" encoding="UTF-8"?>
<!-- Generated by org.testng.reporters.JUnitReportReporter -->
<testsuite hostname="Raja-PC" name="Hipbar_fa_bar.For_Retailars_EmailField_verification" tests="1" failures="0" timestamp="20 Jul 2017 08:31:55 GMT" time="149.356" errors="0">
  <testcase name="EmailField_Verification" time="149.356" classname="Hipbar_fa_bar.For_Retailars_EmailField_verification"/>
</testsuite> <!-- Hipbar_fa_bar.For_Retailars_EmailField_verification -->
